0 info it worked if it ends with ok
1 verbose cli [ 'C:\\nodejs\\node.exe',
1 verbose cli   'C:\\Users\\WinView\\AppData\\Roaming\\npm\\node_modules\\npm\\bin\\npm-cli.js',
1 verbose cli   'start' ]
2 info using npm@3.8.3
3 info using node@v7.10.0
4 verbose config Skipping project config: C:\Users\WinView/.npmrc. (matches userconfig)
5 verbose stack Error: ENOENT: no such file or directory, open 'C:\Users\WinView\package.json'
6 verbose cwd C:\Users\WinView\desktop\player-demo
7 error Windows_NT 10.0.16299
8 error argv "C:\\nodejs\\node.exe" "C:\\Users\\WinView\\AppData\\Roaming\\npm\\node_modules\\npm\\bin\\npm-cli.js" "start"
9 error node v7.10.0
10 error npm  v3.8.3
11 error path C:\Users\WinView\package.json
12 error code ENOENT
13 error errno -4058
14 error syscall open
15 error enoent ENOENT: no such file or directory, open 'C:\Users\WinView\package.json'
16 error enoent ENOENT: no such file or directory, open 'C:\Users\WinView\package.json'
16 error enoent This is most likely not a problem with npm itself
16 error enoent and is related to npm not being able to find a file.
17 verbose exit [ -4058, true ]
